<?xml version="1.0" encoding="UTF-8"?>
<!-- Generated by org.testng.reporters.JUnitReportReporter -->
<testsuite hostname="DESKTOP-1RFJUAV" failures="0" tests="5" name="calculator.TestCalculator" time="37.590" errors="0" timestamp="2021-11-24T06:44:29 PST" skipped="0">
  <testcase classname="calculator.TestCalculator" name="launchApp" time="19.664"/>
  <system-out/>
  <testcase classname="calculator.TestCalculator" name="add" time="5.369"/>
  <system-out>
    <![CDATA[The result of addition is :  11 ]]>
  </system-out>
  <testcase classname="calculator.TestCalculator" name="sub" time="4.106"/>
  <system-out>
    <![CDATA[The result of subtraction is :  -1 ]]>
  </system-out>
  <testcase classname="calculator.TestCalculator" name="multiplication" time="4.142"/>
  <system-out>
    <![CDATA[The result of multiplication is :  30 ]]>
  </system-out>
  <testcase classname="calculator.TestCalculator" name="division" time="4.309"/>
  <system-out>
    <![CDATA[The result of division is :  0.8333333333 ]]>
  </system-out>
</testsuite> <!-- calculator.TestCalculator -->
